<?xml version="1.0" encoding="UTF-8"?>
<!-- Generated by org.testng.reporters.JUnitReportReporter -->
<testsuite hostname="ojt-PC" name="DriverFactory.DriverScript" tests="1" failures="0" timestamp="11 Dec 2019 03:55:08 GMT" time="51.276" errors="0">
  <testcase name="startTest" time="51.276" classname="DriverFactory.DriverScript"/>
</testsuite> <!-- DriverFactory.DriverScript -->
